окт 05, 2019 11:39:14 AM sample.Main start
INFO: Import library
окт 05, 2019 11:39:14 AM sample.Main start
INFO: Import package
окт 05, 2019 11:39:14 AM sample.Main start
INFO: Create logger
окт 05, 2019 11:39:14 AM sample.Main start
INFO: Project start
окт 05, 2019 11:39:15 AM sample.Controller initialize
INFO: initialize but false
окт 05, 2019 11:39:15 AM sample.Controller initialize
INFO: initialize but true
окт 05, 2019 11:39:15 AM sample.Controller initialize
INFO: initialize  textFieldFirstOperand
окт 05, 2019 11:39:15 AM sample.Controller initialize
INFO: initialize  textFieldSecondOperand
окт 05, 2019 11:39:15 AM sample.Controller initialize
INFO: initialize  textFieldResult
окт 05, 2019 11:39:15 AM sample.Controller initialize
INFO: initialize  buttonConstF 
окт 05, 2019 11:39:15 AM sample.Controller initialize
INFO: initialize  buttonB
окт 05, 2019 11:39:15 AM sample.Controller initialize
INFO: initialize buttonNotOrAB
окт 05, 2019 11:39:15 AM sample.Controller initialize
INFO: initialize  buttonNotA
окт 05, 2019 11:39:15 AM sample.Controller initialize
INFO: initialize  buttonAnd
окт 05, 2019 11:39:15 AM sample.Controller initialize
INFO: initialize  buttonAndBNotA
окт 05, 2019 11:39:15 AM sample.Controller initialize
INFO: initialize  buttonAEqualsB
окт 05, 2019 11:39:15 AM sample.Controller initialize
INFO: initialize  buttonImplicationAB
окт 05, 2019 11:39:15 AM sample.Controller initialize
INFO: initialize  buttonOr
окт 05, 2019 11:39:15 AM sample.Controller initialize
INFO: initialize  buttonA
окт 05, 2019 11:39:15 AM sample.Controller initialize
INFO: initialize  buttonNotB 
окт 05, 2019 11:39:15 AM sample.Controller initialize
INFO: initialize  buttonNotAndAB
окт 05, 2019 11:39:15 AM sample.Controller initialize
INFO: initialize  buttonAndANotB
окт 05, 2019 11:39:15 AM sample.Controller initialize
INFO: initialize  buttonXor
окт 05, 2019 11:39:15 AM sample.Controller initialize
INFO: initialize  buttonImplicationBA
окт 05, 2019 11:39:15 AM sample.Controller initialize
INFO: initialize buttonConstT
окт 05, 2019 11:39:15 AM sample.Controller initialize
INFO: initialize  radioButtonFirstOperand
окт 05, 2019 11:39:15 AM sample.Controller initialize
INFO: initialize  radioButtonSecondOperand
окт 05, 2019 11:39:15 AM sample.Main start
INFO: load fxml
окт 05, 2019 11:39:15 AM sample.Main start
INFO: Import package
окт 05, 2019 11:39:15 AM sample.Main start
INFO: load image
окт 05, 2019 11:39:15 AM sample.Main start
INFO: set image
окт 05, 2019 11:39:15 AM sample.Main start
INFO: load scene
окт 05, 2019 11:39:15 AM sample.Main start
INFO: show scene
окт 05, 2019 11:39:21 AM sample.Controller clickRadioButtonFirstOperand
INFO: clickRadioButtonFirstOperand 1
окт 05, 2019 11:39:21 AM sample.Controller clickRadioButtonFirstOperand
INFO: clickRadioButtonFirstOperand 2
окт 05, 2019 11:39:22 AM sample.Controller clickButtonTrue
INFO: clickButtonTrue 2
окт 05, 2019 11:39:23 AM sample.Controller clickRadioButtonSecondOperand
INFO: clickRadioButtonSecondOperand 1
окт 05, 2019 11:39:23 AM sample.Controller clickRadioButtonSecondOperand
INFO: clickRadioButtonSecondOperand 2
окт 05, 2019 11:39:24 AM sample.Controller clickButtonFalse
INFO:  clickButtonFalse 1
окт 05, 2019 11:39:25 AM sample.Controller toBoolean
INFO: Equals str to false
окт 05, 2019 11:39:25 AM sample.Controller toBoolean
INFO: Equals str to true
окт 05, 2019 11:39:25 AM sample.LogicOperation andANotB
INFO: Use andANotB
окт 05, 2019 11:39:25 AM sample.LogicOperation andANotB
INFO: return false
окт 05, 2019 11:39:25 AM sample.LogicOperation toStringValue
INFO: Use toStringValue
окт 05, 2019 11:39:25 AM sample.LogicOperation toStringValue
INFO: return False
окт 05, 2019 11:39:25 AM sample.Controller clickButtonAndBNotA
INFO: clickButtonAndBNotA 2
окт 05, 2019 11:39:26 AM sample.Controller clickButtonDeleteSecondOperand
INFO:  clickButtonDeleteSecondOperand
окт 05, 2019 11:39:27 AM sample.Controller clickButtonDeleteFirstOperand
INFO: clickButtonDeleteFirstOperand
